<?xml version="1.0" encoding="UTF-8"?>
<!-- Generated by org.testng.reporters.JUnitXMLReporter -->
<testsuite hostname="NILESH-PC" ignored="0" name="Selenium Assignment For Testing" tests="3" failures="0" timestamp="24 May 2019 14:12:41 GMT" time="13.242" errors="0">
  <testcase name="selectRountTript" time="0.26" classname="com.makemytrip.test.MakeMytriptest"/>
  <testcase name="enterciytName" time="0.645" classname="com.makemytrip.test.MakeMytriptest"/>
  <testcase name="enterToCityName" time="1.702" classname="com.makemytrip.test.MakeMytriptest"/>
</testsuite> <!-- Selenium Assignment For Testing -->
